2026-02-12 21:52:35,121 - INFO - Recharge account created for Hasini
2026-02-12 21:52:35,121 - INFO - Recharge done for Hasini | Amount: 299
2026-02-12 21:52:35,122 - INFO - Plan updated: Gold = 599
2026-02-12 21:53:56,267 - INFO - Recharge account created for Hasini
2026-02-12 21:53:56,267 - INFO - Recharge done for Hasini | Amount: 299
2026-02-12 21:53:56,268 - WARNING - Invalid recharge amount
2026-02-12 21:53:56,268 - INFO - Plan updated: Gold = 599
2026-02-12 21:54:28,848 - INFO - Recharge account created for Hasini
2026-02-12 21:54:28,848 - INFO - Recharge done for Hasini | Amount: 299
2026-02-12 21:54:28,848 - WARNING - Invalid recharge amount
2026-02-12 21:54:28,848 - INFO - Plan updated: Gold = 599
2026-02-12 21:55:27,423 - INFO - Recharge account created for Hasini
2026-02-12 21:55:27,423 - INFO - Recharge done for Hasini | Amount: 299
2026-02-12 21:55:27,423 - WARNING - Invalid recharge amount
2026-02-12 21:55:27,423 - INFO - Recharge done for Hasini | Amount: 500
2026-02-12 21:55:27,423 - INFO - Plan updated: Gold = 599
2026-02-12 21:58:10,297 - INFO - Recharge account created for Hasini
2026-02-12 21:58:10,298 - INFO - Current balance: 100
2026-02-12 21:58:10,298 - INFO - Recharge done for Hasini | Amount: 299
2026-02-12 21:58:10,298 - INFO - Validity remaining: 30 days
2026-02-12 21:58:10,299 - WARNING - Invalid recharge amount
2026-02-12 21:58:10,299 - INFO - Recharge done for Hasini | Amount: 500
2026-02-12 21:58:10,299 - INFO - Validity remaining: 60 days
2026-02-12 21:58:10,299 - INFO - Plan updated: Gold = 599
2026-02-12 21:59:50,226 - INFO - Recharge account created for Hasini
2026-02-12 21:59:50,227 - INFO - Current balance: 100
2026-02-12 21:59:50,227 - INFO - Recharge done for Hasini | Amount: 299
2026-02-12 21:59:50,227 - INFO - Validity remaining: 30 days
2026-02-12 21:59:50,228 - WARNING - Invalid recharge amount
2026-02-12 21:59:50,228 - INFO - Recharge done for Hasini | Amount: 500
2026-02-12 21:59:50,228 - INFO - Validity remaining: 60 days
2026-02-12 21:59:50,229 - INFO - Plan updated: Gold = 599
2026-02-12 22:00:11,437 - INFO - Recharge account created for Hasini
2026-02-12 22:00:11,437 - INFO - Current balance: 100
2026-02-12 22:00:11,437 - INFO - Recharge done for Hasini | Amount: 299
2026-02-12 22:00:11,437 - INFO - Validity remaining: 30 days
2026-02-12 22:00:11,438 - WARNING - Invalid recharge amount
2026-02-12 22:00:11,438 - INFO - Recharge done for Hasini | Amount: 500
2026-02-12 22:00:11,438 - INFO - Validity remaining: 60 days
2026-02-12 22:00:11,438 - INFO - Plan updated: Gold = 599
2026-02-12 22:06:10,999 - INFO - Recharge account created for Hasini
2026-02-12 22:06:10,999 - INFO - Current balance: 100
2026-02-12 22:06:11,000 - INFO - Recharge done for Hasini | Amount: 299
2026-02-12 22:06:11,000 - INFO - Validity remaining: 30 days
2026-02-12 22:06:11,000 - WARNING - Invalid recharge amount
2026-02-12 22:06:11,000 - INFO - Recharge done for Hasini | Amount: 500
2026-02-12 22:06:11,000 - INFO - Validity remaining: 90 days
2026-02-12 22:06:11,001 - INFO - Plan updated: Gold = 599
2026-02-12 22:12:15,252 - INFO - Recharge account created for Hasini
2026-02-12 22:12:15,253 - INFO - Current balance: 100
2026-02-12 22:12:15,253 - INFO - Recharge done for Hasini | Amount: 299
2026-02-12 22:12:15,253 - INFO - Validity remaining: 30 days
2026-02-12 22:12:15,254 - WARNING - Invalid recharge amount
2026-02-12 22:12:15,254 - INFO - Recharge done for Hasini | Amount: 500
2026-02-12 22:12:15,254 - INFO - Validity remaining: 90 days
2026-02-12 22:12:15,254 - INFO - Plan updated: Gold = 599
